
> build-storybook
> storybook build --output-dir=C:\Users\kate\AppData\Local\Temp\chromatic--8992-eImwV3gDu5f7

[1mstorybook v10.0.8
[22m
info => Cleaning outputDir: [36m../../../Users/kate/AppData/Local/Temp/chromatic--8992-eImwV3gDu5f7[39m
info => Loading presets
info => Building manager..
info => Building preview..
[36mvite v6.4.1 [32mbuilding for production...[36m[39m
transforming...
[32m✓[39m 133 modules transformed.
rendering chunks...
computing gzip size...
[2m../../../Users/kate/AppData/Local/Temp/chromatic--8992-eImwV3gDu5f7/[22m[32miframe.html                                                         [39m[1m[2m   18.26 kB[22m[1m[22m[2m │ gzip:   5.10 kB[22m
[2m../../../Users/kate/AppData/Local/Temp/chromatic--8992-eImwV3gDu5f7/[22m[32massets/RobotoMono-Regular-BrlYd66t.woff2                            [39m[1m[2m  138.63 kB[22m[1m[22m
[2m../../../Users/kate/AppData/Local/Temp/chromatic--8992-eImwV3gDu5f7/[22m[32massets/RobotoMono-ExtraLight-CVKRSDbf.woff2                         [39m[1m[2m  140.14 kB[22m[1m[22m
[2m../../../Users/kate/AppData/Local/Temp/chromatic--8992-eImwV3gDu5f7/[22m[32massets/RobotoMono-Light-Drg4L9iB.woff2                              [39m[1m[2m  140.96 kB[22m[1m[22m
[2m../../../Users/kate/AppData/Local/Temp/chromatic--8992-eImwV3gDu5f7/[22m[32massets/RobotoMono-Bold-yfGTT9Rk.woff2                               [39m[1m[2m  141.47 kB[22m[1m[22m
[2m../../../Users/kate/AppData/Local/Temp/chromatic--8992-eImwV3gDu5f7/[22m[32massets/RobotoMono-SemiBold-CrrzzEuh.woff2                           [39m[1m[2m  141.75 kB[22m[1m[22m
[2m../../../Users/kate/AppData/Local/Temp/chromatic--8992-eImwV3gDu5f7/[22m[32massets/RobotoMono-Medium-COXyT5Cn.woff2                             [39m[1m[2m  142.53 kB[22m[1m[22m
[2m../../../Users/kate/AppData/Local/Temp/chromatic--8992-eImwV3gDu5f7/[22m[35massets/Checkbox-BLCk7PhO.css                                        [39m[1m[2m    0.08 kB[22m[1m[22m[2m │ gzip:   0.09 kB[22m
[2m../../../Users/kate/AppData/Local/Temp/chromatic--8992-eImwV3gDu5f7/[22m[35massets/Grid-CnqNiUQV.css                                            [39m[1m[2m    0.17 kB[22m[1m[22m[2m │ gzip:   0.14 kB[22m
[2m../../../Users/kate/AppData/Local/Temp/chromatic--8992-eImwV3gDu5f7/[22m[35massets/BaseButton-D_eB1ti6.css                                      [39m[1m[2m    0.50 kB[22m[1m[22m[2m │ gzip:   0.24 kB[22m
[2m../../../Users/kate/AppData/Local/Temp/chromatic--8992-eImwV3gDu5f7/[22m[35massets/iframe-BKKj60ZY.css                                          [39m[1m[2m   20.72 kB[22m[1m[22m[2m │ gzip:   4.82 kB[22m
[2m../../../Users/kate/AppData/Local/Temp/chromatic--8992-eImwV3gDu5f7/[22m[36massets/_plugin-vue_export-helper-DlAUqK2U.js                        [39m[1m[2m    0.09 kB[22m[1m[22m[2m │ gzip:   0.10 kB[22m
[2m../../../Users/kate/AppData/Local/Temp/chromatic--8992-eImwV3gDu5f7/[22m[36massets/formatter-OMEEQ6HG-4hnFRcPm.js                               [39m[1m[2m    0.23 kB[22m[1m[22m[2m │ gzip:   0.20 kB[22m
[2m../../../Users/kate/AppData/Local/Temp/chromatic--8992-eImwV3gDu5f7/[22m[36massets/index-Cnk_hIpY.js                                            [39m[1m[2m    0.50 kB[22m[1m[22m[2m │ gzip:   0.33 kB[22m
[2m../../../Users/kate/AppData/Local/Temp/chromatic--8992-eImwV3gDu5f7/[22m[36massets/Grid-BvmmAhm1.js                                             [39m[1m[2m    0.71 kB[22m[1m[22m[2m │ gzip:   0.44 kB[22m
[2m../../../Users/kate/AppData/Local/Temp/chromatic--8992-eImwV3gDu5f7/[22m[36massets/ThemeToggle.vue_vue_type_script_setup_true_lang-BcxT3xy9.js  [39m[1m[2m    1.04 kB[22m[1m[22m[2m │ gzip:   0.60 kB[22m
[2m../../../Users/kate/AppData/Local/Temp/chromatic--8992-eImwV3gDu5f7/[22m[36massets/Card.vue_vue_type_script_setup_true_lang-9hScd1IL.js         [39m[1m[2m    1.25 kB[22m[1m[22m[2m │ gzip:   0.68 kB[22m
[2m../../../Users/kate/AppData/Local/Temp/chromatic--8992-eImwV3gDu5f7/[22m[36massets/preload-helper-Dp1pzeXC.js                                   [39m[1m[2m    1.27 kB[22m[1m[22m[2m │ gzip:   0.73 kB[22m
[2m../../../Users/kate/AppData/Local/Temp/chromatic--8992-eImwV3gDu5f7/[22m[36massets/Checkbox-qa2NGGNI.js                                         [39m[1m[2m    2.33 kB[22m[1m[22m[2m │ gzip:   1.07 kB[22m
[2m../../../Users/kate/AppData/Local/Temp/chromatic--8992-eImwV3gDu5f7/[22m[36massets/TextButton.stories-CIjq6BDL.js                               [39m[1m[2m    2.64 kB[22m[1m[22m[2m │ gzip:   0.97 kB[22m
[2m../../../Users/kate/AppData/Local/Temp/chromatic--8992-eImwV3gDu5f7/[22m[36massets/BaseButton-Be92-isV.js                                       [39m[1m[2m    2.96 kB[22m[1m[22m[2m │ gzip:   1.39 kB[22m
[2m../../../Users/kate/AppData/Local/Temp/chromatic--8992-eImwV3gDu5f7/[22m[36massets/ThemeToggle.stories--S2YWQi5.js                              [39m[1m[2m    3.04 kB[22m[1m[22m[2m │ gzip:   0.98 kB[22m
[2m../../../Users/kate/AppData/Local/Temp/chromatic--8992-eImwV3gDu5f7/[22m[36massets/Card.stories-CL4MSIRE.js                                     [39m[1m[2m   10.71 kB[22m[1m[22m[2m │ gzip:   2.24 kB[22m
[2m../../../Users/kate/AppData/Local/Temp/chromatic--8992-eImwV3gDu5f7/[22m[36massets/Grid.stories-CASmCXEg.js                                     [39m[1m[2m   11.93 kB[22m[1m[22m[2m │ gzip:   2.17 kB[22m
[2m../../../Users/kate/AppData/Local/Temp/chromatic--8992-eImwV3gDu5f7/[22m[36massets/Checkbox.stories-BDZMEx-V.js                                 [39m[1m[2m   14.05 kB[22m[1m[22m[2m │ gzip:   2.19 kB[22m
[2m../../../Users/kate/AppData/Local/Temp/chromatic--8992-eImwV3gDu5f7/[22m[36massets/BaseButton.stories-C7QaPCkY.js                               [39m[1m[2m   15.13 kB[22m[1m[22m[2m │ gzip:   2.33 kB[22m
[2m../../../Users/kate/AppData/Local/Temp/chromatic--8992-eImwV3gDu5f7/[22m[36massets/Welcome.stories-B33zzAUJ.js                                  [39m[1m[2m   24.10 kB[22m[1m[22m[2m │ gzip:   3.11 kB[22m
[2m../../../Users/kate/AppData/Local/Temp/chromatic--8992-eImwV3gDu5f7/[22m[36mvite-inject-mocker-entry.js                                         [39m[1m[2m   29.18 kB[22m[1m[22m[2m │ gzip:  10.13 kB[22m
[2m../../../Users/kate/AppData/Local/Temp/chromatic--8992-eImwV3gDu5f7/[22m[36massets/Color-64QXVMR3-BkZc6ZXV.js                                   [39m[1m[2m   31.82 kB[22m[1m[22m[2m │ gzip:  11.98 kB[22m
[2m../../../Users/kate/AppData/Local/Temp/chromatic--8992-eImwV3gDu5f7/[22m[36massets/syntaxhighlighter-CAVLW7PM-Dn2RRHQq.js                       [39m[1m[2m   80.78 kB[22m[1m[22m[2m │ gzip:  28.49 kB[22m
[2m../../../Users/kate/AppData/Local/Temp/chromatic--8992-eImwV3gDu5f7/[22m[36massets/WithTooltip-SK46ZJ2J-DFmPDVSL.js                             [39m[1m[33m  853.55 kB[39m[22m[2m │ gzip: 277.31 kB[22m
[2m../../../Users/kate/AppData/Local/Temp/chromatic--8992-eImwV3gDu5f7/[22m[36massets/iframe-BUXXW80j.js                                           [39m[1m[33m1,074.75 kB[39m[22m[2m │ gzip: 319.57 kB[22m
[32m✓ built in 13.66s[39m
info => Output directory: C:/Users/kate/AppData/Local/Temp/chromatic--8992-eImwV3gDu5f7
